/*C1*/SET SCHEMA SYSTEM_LOBS
INSERT INTO BLOCKS VALUES(0,2147483647,0)
COMMIT
/*C2*/SET SCHEMA PUBLIC
CREATE TABLE PRODUCTS (\u000d\u000a\u0009\u0009PRODUCT_ID INTEGER GENERATED BY DEFAULT AS IDENTITY(START WITH 1, INCREMENT BY 1) PRIMARY KEY,\u000d\u000a\u0009\u0009PRODUCT_NAME VARCHAR(200) UNIQUE\u0009\u000d\u000a\u0009)
CREATE TABLE USERS (\u000d\u000a\u0009\u0009USER_ID INTEGER GENERATED BY DEFAULT AS IDENTITY(START WITH 1, INCREMENT BY 1) PRIMARY KEY,\u000d\u000a\u0009\u0009USER_NAME VARCHAR(200),\u0009\u000d\u000a\u0009\u0009USER_PASS VARCHAR(200)\u000d\u000a\u0009)
INSERT INTO PRODUCTS VALUES(1,'Light Saber')
INSERT INTO PRODUCTS VALUES(2,'Gravity Gun')
INSERT INTO PRODUCTS VALUES(3,'BFG')
INSERT INTO USERS VALUES(1,'SUDO','Overlord')
INSERT INTO USERS VALUES(2,'Fallout','Vault101')
INSERT INTO USERS VALUES(3,'Sherlock Holmes','Nr3')
COMMIT
DISCONNECT
/*C3*/SET SCHEMA PUBLIC
DISCONNECT
/*C4*/SET SCHEMA PUBLIC
DISCONNECT
/*C5*/SET SCHEMA PUBLIC
DISCONNECT
/*C6*/SET SCHEMA PUBLIC
DISCONNECT
/*C7*/SET SCHEMA PUBLIC
DISCONNECT
/*C9*/SET SCHEMA PUBLIC
DISCONNECT
/*C8*/SET SCHEMA PUBLIC
DISCONNECT
/*C10*/SET SCHEMA PUBLIC
DISCONNECT
/*C11*/SET SCHEMA PUBLIC
DISCONNECT
/*C12*/SET SCHEMA PUBLIC
DISCONNECT
/*C13*/SET SCHEMA PUBLIC
DISCONNECT
/*C14*/SET SCHEMA PUBLIC
DISCONNECT
/*C15*/SET SCHEMA PUBLIC
DISCONNECT
/*C16*/SET SCHEMA PUBLIC
DISCONNECT
/*C17*/SET SCHEMA PUBLIC
DISCONNECT
